<?xml version="1.0" encoding="UTF-8"?>
<!-- Generated by org.testng.reporters.JUnitXMLReporter -->
<testsuite ignored="0" hostname="aguirre39" failures="0" tests="24" name="Surefire test" time="0.9" errors="0" timestamp="2023-06-21T21:24:57 BRT">
  <testcase classname="br.ce.wcaquino.servicos.CalculadoraMockTest" name="teste on teste(br.ce.wcaquino.servicos.CalculadoraMockTest)" time="0.735"/>
  <testcase classname="br.ce.wcaquino.servicos.CalculadoraMockTest" name="devoMostrarDiferencaEntreMockSpy on devoMostrarDiferencaEntreMockSpy(br.ce.wcaquino.servicos.CalculadoraMockTest)" time="0.744"/>
  <testcase classname="br.ce.wcaquino.servicos.CalculadoraTest" name="deveSomarDoisValores on deveSomarDoisValores(br.ce.wcaquino.servicos.CalculadoraTest)" time="0.002"/>
  <testcase classname="br.ce.wcaquino.servicos.CalculadoraTest" name="deveDividir on deveDividir(br.ce.wcaquino.servicos.CalculadoraTest)" time="0.002"/>
  <testcase classname="br.ce.wcaquino.servicos.CalculadoraTest" name="deveLancarExcecaoAoDividirPorZero on deveLancarExcecaoAoDividirPorZero(br.ce.wcaquino.servicos.CalculadoraTest)" time="0.002"/>
  <testcase classname="br.ce.wcaquino.servicos.CalculadoraTest" name="deveSubtrairDoisValores on deveSubtrairDoisValores(br.ce.wcaquino.servicos.CalculadoraTest)" time="0.002"/>
  <testcase classname="br.ce.wcaquino.servicos.CalculadoraTest" name="deveDividirDoisValores on deveDividirDoisValores(br.ce.wcaquino.servicos.CalculadoraTest)" time="0.002"/>
  <testcase classname="br.ce.wcaquino.servicos.CalculoValorLocacaoTest" name="deveCalcularValorLocacaoConsiderandoDescontos[2 Filmes: Sem Desconto] on deveCalcularValorLocacaoConsiderandoDescontos[2 Filmes: Sem Desconto](br.ce.wcaquino.servicos.CalculoValorLocacaoTest)" time="0.047"/>
  <testcase classname="br.ce.wcaquino.servicos.CalculoValorLocacaoTest" name="deveCalcularValorLocacaoConsiderandoDescontos[3 Filmes: 25%] on deveCalcularValorLocacaoConsiderandoDescontos[3 Filmes: 25%](br.ce.wcaquino.servicos.CalculoValorLocacaoTest)" time="0.05"/>
  <testcase classname="br.ce.wcaquino.servicos.CalculoValorLocacaoTest" name="deveCalcularValorLocacaoConsiderandoDescontos[4 Filmes: 50%] on deveCalcularValorLocacaoConsiderandoDescontos[4 Filmes: 50%](br.ce.wcaquino.servicos.CalculoValorLocacaoTest)" time="0.051"/>
  <testcase classname="br.ce.wcaquino.servicos.CalculoValorLocacaoTest" name="deveCalcularValorLocacaoConsiderandoDescontos[5 Filmes: 75%] on deveCalcularValorLocacaoConsiderandoDescontos[5 Filmes: 75%](br.ce.wcaquino.servicos.CalculoValorLocacaoTest)" time="0.053"/>
  <testcase classname="br.ce.wcaquino.servicos.CalculoValorLocacaoTest" name="deveCalcularValorLocacaoConsiderandoDescontos[6 Filmes: 100%] on deveCalcularValorLocacaoConsiderandoDescontos[6 Filmes: 100%](br.ce.wcaquino.servicos.CalculoValorLocacaoTest)" time="0.055"/>
  <testcase classname="br.ce.wcaquino.servicos.CalculoValorLocacaoTest" name="deveCalcularValorLocacaoConsiderandoDescontos[7 Filmes: Sem Desconto] on deveCalcularValorLocacaoConsiderandoDescontos[7 Filmes: Sem Desconto](br.ce.wcaquino.servicos.CalculoValorLocacaoTest)" time="0.057"/>
  <testcase classname="br.ce.wcaquino.servicos.LocacaoServiceTest" name="naoDeveAlugarFilmeSemFilme on naoDeveAlugarFilmeSemFilme(br.ce.wcaquino.servicos.LocacaoServiceTest)" time="0.009"/>
  <testcase classname="br.ce.wcaquino.servicos.LocacaoServiceTest" name="naoDeveAlugarFilmeSemEstoque on naoDeveAlugarFilmeSemEstoque(br.ce.wcaquino.servicos.LocacaoServiceTest)" time="0.012"/>
  <testcase classname="br.ce.wcaquino.servicos.LocacaoServiceTest" name="deveProrrogarUmaLocacao on deveProrrogarUmaLocacao(br.ce.wcaquino.servicos.LocacaoServiceTest)" time="0.022"/>
  <testcase classname="br.ce.wcaquino.servicos.LocacaoServiceTest" name="deveTratarErronoSPC on deveTratarErronoSPC(br.ce.wcaquino.servicos.LocacaoServiceTest)" time="0.025"/>
  <testcase classname="br.ce.wcaquino.servicos.LocacaoServiceTest" name="deveEnviarEmailParaLocacoesAtrasadas on deveEnviarEmailParaLocacoesAtrasadas(br.ce.wcaquino.servicos.LocacaoServiceTest)" time="0.03"/>
  <testcase classname="br.ce.wcaquino.servicos.LocacaoServiceTest" name="naoDeveAlugarFilmeParaNegativadoSPC on naoDeveAlugarFilmeParaNegativadoSPC(br.ce.wcaquino.servicos.LocacaoServiceTest)" time="0.032"/>
  <testcase classname="br.ce.wcaquino.servicos.LocacaoServiceTest" name="deveDevolverNaSegundaAoAlugarNoSabado on deveDevolverNaSegundaAoAlugarNoSabado(br.ce.wcaquino.servicos.LocacaoServiceTest)" time="0.035">
    <skipped/>
  </testcase> <!-- deveDevolverNaSegundaAoAlugarNoSabado on deveDevolverNaSegundaAoAlugarNoSabado(br.ce.wcaquino.servicos.LocacaoServiceTest) -->
  <testcase classname="br.ce.wcaquino.servicos.LocacaoServiceTest" name="naoDeveAlugarFilmeSemUsuario on naoDeveAlugarFilmeSemUsuario(br.ce.wcaquino.servicos.LocacaoServiceTest)" time="0.037"/>
  <testcase classname="br.ce.wcaquino.servicos.LocacaoServiceTest" name="deveAlugarFilme on deveAlugarFilme(br.ce.wcaquino.servicos.LocacaoServiceTest)" time="0.038"/>
  <testcase classname="OrdemTest" name="inicia on inicia(OrdemTest)" time="0.001"/>
  <testcase classname="OrdemTest" name="verifica on verifica(OrdemTest)" time="0.001"/>
</testsuite> <!-- Surefire test -->
