<?xml version="1.0" encoding="UTF-8"?>
<testsuite xmlns:xsi="http://www.w3.org/2001/XMLSchema-instance" xsi:noNamespaceSchemaLocation="https://maven.apache.org/surefire/maven-surefire-plugin/xsd/surefire-test-report.xsd" name="TestSuite" time="4.086" tests="24" errors="0" skipped="1" failures="0">
  <properties>
[...]
</properties>
  <testcase name="teste on teste(br.ce.wcaquino.servicos.CalculadoraMockTest)" classname="br.ce.wcaquino.servicos.CalculadoraMockTest" time="2.299"/>
  <testcase name="devoMostrarDiferencaEntreMockSpy on devoMostrarDiferencaEntreMockSpy(br.ce.wcaquino.servicos.CalculadoraMockTest)" classname="br.ce.wcaquino.servicos.CalculadoraMockTest" time="0.078"/>
  <testcase name="deveSomarDoisValores on deveSomarDoisValores(br.ce.wcaquino.servicos.CalculadoraTest)" classname="br.ce.wcaquino.servicos.CalculadoraTest" time="0.016"/>
  <testcase name="deveDividir on deveDividir(br.ce.wcaquino.servicos.CalculadoraTest)" classname="br.ce.wcaquino.servicos.CalculadoraTest" time="0"/>
  <testcase name="deveLancarExcecaoAoDividirPorZero on deveLancarExcecaoAoDividirPorZero(br.ce.wcaquino.servicos.CalculadoraTest)" classname="br.ce.wcaquino.servicos.CalculadoraTest" time="0"/>
  <testcase name="deveSubtrairDoisValores on deveSubtrairDoisValores(br.ce.wcaquino.servicos.CalculadoraTest)" classname="br.ce.wcaquino.servicos.CalculadoraTest" time="0"/>
  <testcase name="deveDividirDoisValores on deveDividirDoisValores(br.ce.wcaquino.servicos.CalculadoraTest)" classname="br.ce.wcaquino.servicos.CalculadoraTest" time="0"/>
  <testcase name="deveCalcularValorLocacaoConsiderandoDescontos[2 Filmes: Sem Desconto] on deveCalcularValorLocacaoConsiderandoDescontos[2 Filmes: Sem Desconto](br.ce.wcaquino.servicos.CalculoValorLocacaoTest)" classname="br.ce.wcaquino.servicos.CalculoValorLocacaoTest" time="0.129"/>
  <testcase name="deveCalcularValorLocacaoConsiderandoDescontos[3 Filmes: 25%] on deveCalcularValorLocacaoConsiderandoDescontos[3 Filmes: 25%](br.ce.wcaquino.servicos.CalculoValorLocacaoTest)" classname="br.ce.wcaquino.servicos.CalculoValorLocacaoTest" time="0.005"/>
  <testcase name="deveCalcularValorLocacaoConsiderandoDescontos[4 Filmes: 50%] on deveCalcularValorLocacaoConsiderandoDescontos[4 Filmes: 50%](br.ce.wcaquino.servicos.CalculoValorLocacaoTest)" classname="br.ce.wcaquino.servicos.CalculoValorLocacaoTest" time="0.005"/>
  <testcase name="deveCalcularValorLocacaoConsiderandoDescontos[5 Filmes: 75%] on deveCalcularValorLocacaoConsiderandoDescontos[5 Filmes: 75%](br.ce.wcaquino.servicos.CalculoValorLocacaoTest)" classname="br.ce.wcaquino.servicos.CalculoValorLocacaoTest" time="0.005"/>
  <testcase name="deveCalcularValorLocacaoConsiderandoDescontos[6 Filmes: 100%] on deveCalcularValorLocacaoConsiderandoDescontos[6 Filmes: 100%](br.ce.wcaquino.servicos.CalculoValorLocacaoTest)" classname="br.ce.wcaquino.servicos.CalculoValorLocacaoTest" time="0.007"/>
  <testcase name="deveCalcularValorLocacaoConsiderandoDescontos[7 Filmes: Sem Desconto] on deveCalcularValorLocacaoConsiderandoDescontos[7 Filmes: Sem Desconto](br.ce.wcaquino.servicos.CalculoValorLocacaoTest)" classname="br.ce.wcaquino.servicos.CalculoValorLocacaoTest" time="0.007"/>
  <testcase name="naoDeveAlugarFilmeSemFilme on naoDeveAlugarFilmeSemFilme(br.ce.wcaquino.servicos.LocacaoServiceTest)" classname="br.ce.wcaquino.servicos.LocacaoServiceTest" time="0.015"/>
  <testcase name="naoDeveAlugarFilmeSemEstoque on naoDeveAlugarFilmeSemEstoque(br.ce.wcaquino.servicos.LocacaoServiceTest)" classname="br.ce.wcaquino.servicos.LocacaoServiceTest" time="0.007"/>
  <testcase name="deveProrrogarUmaLocacao on deveProrrogarUmaLocacao(br.ce.wcaquino.servicos.LocacaoServiceTest)" classname="br.ce.wcaquino.servicos.LocacaoServiceTest" time="0.044"/>
  <testcase name="deveTratarErronoSPC on deveTratarErronoSPC(br.ce.wcaquino.servicos.LocacaoServiceTest)" classname="br.ce.wcaquino.servicos.LocacaoServiceTest" time="0.01"/>
  <testcase name="deveEnviarEmailParaLocacoesAtrasadas on deveEnviarEmailParaLocacoesAtrasadas(br.ce.wcaquino.servicos.LocacaoServiceTest)" classname="br.ce.wcaquino.servicos.LocacaoServiceTest" time="0.013"/>
  <testcase name="naoDeveAlugarFilmeParaNegativadoSPC on naoDeveAlugarFilmeParaNegativadoSPC(br.ce.wcaquino.servicos.LocacaoServiceTest)" classname="br.ce.wcaquino.servicos.LocacaoServiceTest" time="0.005"/>
  <testcase name="deveDevolverNaSegundaAoAlugarNoSabado on deveDevolverNaSegundaAoAlugarNoSabado(br.ce.wcaquino.servicos.LocacaoServiceTest)" classname="br.ce.wcaquino.servicos.LocacaoServiceTest" time="0">
    <skipped message="got: &lt;false&gt;, expected: is &lt;true&gt;"/>
  </testcase>
  <testcase name="naoDeveAlugarFilmeSemUsuario on naoDeveAlugarFilmeSemUsuario(br.ce.wcaquino.servicos.LocacaoServiceTest)" classname="br.ce.wcaquino.servicos.LocacaoServiceTest" time="0.003"/>
  <testcase name="deveAlugarFilme on deveAlugarFilme(br.ce.wcaquino.servicos.LocacaoServiceTest)" classname="br.ce.wcaquino.servicos.LocacaoServiceTest" time="0.005"/>
  <testcase name="inicia on inicia(OrdemTest)" classname="OrdemTest" time="0"/>
  <testcase name="verifica on verifica(OrdemTest)" classname="OrdemTest" time="0"/>
</testsuite>